<?xml version="1.0" encoding="UTF-8"?>
<!-- Generated by org.testng.reporters.JUnitReportReporter -->
<testsuite hostname="DESKTOP-C58B4F4" failures="0" tests="3" name="com.testAssignmentDnb.APITests" time="3.690" errors="0" timestamp="2022-03-13T12:27:18 CET" skipped="0">
  <testcase classname="com.testAssignmentDnb.APITests" name="createUser" time="2.567"/>
  <system-out/>
  <testcase classname="com.testAssignmentDnb.APITests" name="loginVerification" time="0.621"/>
  <system-out/>
  <testcase classname="com.testAssignmentDnb.APITests" name="getUserById" time="0.502"/>
  <system-out/>
</testsuite> <!-- com.testAssignmentDnb.APITests -->
