<?xml version="1.0" encoding="UTF-8"?>
<!-- Generated by org.testng.reporters.JUnitReportReporter -->
<testsuite hostname="DESKTOP-C58B4F4" failures="0" tests="3" name="com.testAssignmentDnb.test.APITests" time="4.248" errors="0" timestamp="2022-03-13T13:15:08 CET" skipped="0">
  <testcase classname="com.testAssignmentDnb.test.APITests" name="createUser" time="3.191"/>
  <system-out/>
  <testcase classname="com.testAssignmentDnb.test.APITests" name="loginVerification" time="0.586"/>
  <system-out/>
  <testcase classname="com.testAssignmentDnb.test.APITests" name="getUserById" time="0.471"/>
  <system-out/>
</testsuite> <!-- com.testAssignmentDnb.test.APITests -->
