<?xml version="1.0" encoding="UTF-8"?>
<!-- Generated by org.testng.reporters.JUnitReportReporter -->
<testsuite hostname="DESKTOP-C58B4F4" failures="0" tests="3" name="com.testAssignmentDnb.test.APITests" time="8.235" errors="0" timestamp="2022-03-13T14:31:09 CET" skipped="0">
  <testcase classname="com.testAssignmentDnb.test.APITests" name="createUser" time="6.937"/>
  <system-out/>
  <testcase classname="com.testAssignmentDnb.test.APITests" name="loginVerification" time="0.761"/>
  <system-out/>
  <testcase classname="com.testAssignmentDnb.test.APITests" name="getUserById" time="0.537"/>
  <system-out/>
</testsuite> <!-- com.testAssignmentDnb.test.APITests -->
