<?xml version="1.0" encoding="UTF-8"?>
<!-- Generated by org.testng.reporters.JUnitReportReporter -->
<testsuite hostname="DESKTOP-C58B4F4" failures="0" tests="3" name="com.testAssignmentDnb.test.APITests" time="5.103" errors="0" timestamp="2022-03-14T11:02:02 CET" skipped="0">
  <testcase classname="com.testAssignmentDnb.test.APITests" name="createUser" time="3.450"/>
  <system-out/>
  <testcase classname="com.testAssignmentDnb.test.APITests" name="loginVerification" time="0.806"/>
  <system-out/>
  <testcase classname="com.testAssignmentDnb.test.APITests" name="getUserById" time="0.847"/>
  <system-out/>
</testsuite> <!-- com.testAssignmentDnb.test.APITests -->
